{"@timestamp":"2022-11-13T00:15:37.035-03:00","@version":"1","message":"Closing JPA EntityManagerFactory for persistence unit 'default'","logger_name":"org.springframework.orm.jpa.LocalContainerEntityManagerFactoryBean","thread_name":"SpringApplicationShutdownHook","level":"INFO","level_value":20000}
{"@timestamp":"2022-11-13T00:15:37.038-03:00","@version":"1","message":"HHH000477: Starting delayed evictData of schema as part of SessionFactory shut-down'","logger_name":"org.hibernate.tool.schema.internal.SchemaDropperImpl$DelayedDropActionImpl","thread_name":"SpringApplicationShutdownHook","level":"INFO","level_value":20000}
{"@timestamp":"2022-11-13T00:15:37.044-03:00","@version":"1","message":"HHH000478: Unsuccessful: alter table emails drop constraint FKhrnwkpk5ped9uggwnvif45gho","logger_name":"org.hibernate.tool.schema.internal.SchemaDropperImpl$DelayedDropActionImpl","thread_name":"SpringApplicationShutdownHook","level":"ERROR","level_value":40000}
{"@timestamp":"2022-11-13T00:15:37.047-03:00","@version":"1","message":"HHH000478: Unsuccessful: alter table product_characteristcs drop constraint FKso1xug572gc79f5dj8hdknqn2","logger_name":"org.hibernate.tool.schema.internal.SchemaDropperImpl$DelayedDropActionImpl","thread_name":"SpringApplicationShutdownHook","level":"ERROR","level_value":40000}
{"@timestamp":"2022-11-13T00:15:37.048-03:00","@version":"1","message":"HHH000478: Unsuccessful: alter table product_photos drop constraint FKk6euo1c1uosxm44vy24qbw05j","logger_name":"org.hibernate.tool.schema.internal.SchemaDropperImpl$DelayedDropActionImpl","thread_name":"SpringApplicationShutdownHook","level":"ERROR","level_value":40000}
{"@timestamp":"2022-11-13T00:15:37.049-03:00","@version":"1","message":"HHH000478: Unsuccessful: alter table products drop constraint FKog2rp4qthbtt2lfyhfo32lsw9","logger_name":"org.hibernate.tool.schema.internal.SchemaDropperImpl$DelayedDropActionImpl","thread_name":"SpringApplicationShutdownHook","level":"ERROR","level_value":40000}
{"@timestamp":"2022-11-13T00:15:37.05-03:00","@version":"1","message":"HHH000478: Unsuccessful: alter table products drop constraint FKdb050tk37qryv15hd932626th","logger_name":"org.hibernate.tool.schema.internal.SchemaDropperImpl$DelayedDropActionImpl","thread_name":"SpringApplicationShutdownHook","level":"ERROR","level_value":40000}
{"@timestamp":"2022-11-13T00:15:37.051-03:00","@version":"1","message":"HHH000478: Unsuccessful: alter table products_opinion drop constraint FK6uh00gtrr25b5gd398mbogf0q","logger_name":"org.hibernate.tool.schema.internal.SchemaDropperImpl$DelayedDropActionImpl","thread_name":"SpringApplicationShutdownHook","level":"ERROR","level_value":40000}
{"@timestamp":"2022-11-13T00:15:37.053-03:00","@version":"1","message":"HHH000478: Unsuccessful: alter table products_opinion drop constraint FK6j65maqw0kq3sh2s5n9x6dtij","logger_name":"org.hibernate.tool.schema.internal.SchemaDropperImpl$DelayedDropActionImpl","thread_name":"SpringApplicationShutdownHook","level":"ERROR","level_value":40000}
{"@timestamp":"2022-11-13T00:15:37.054-03:00","@version":"1","message":"HHH000478: Unsuccessful: alter table products_questions drop constraint FKfoik51f14xqit4sy4e0b95j6y","logger_name":"org.hibernate.tool.schema.internal.SchemaDropperImpl$DelayedDropActionImpl","thread_name":"SpringApplicationShutdownHook","level":"ERROR","level_value":40000}
{"@timestamp":"2022-11-13T00:15:37.055-03:00","@version":"1","message":"HHH000478: Unsuccessful: alter table products_questions drop constraint FKdtkq5yfq0hiexhk0g6xox1h12","logger_name":"org.hibernate.tool.schema.internal.SchemaDropperImpl$DelayedDropActionImpl","thread_name":"SpringApplicationShutdownHook","level":"ERROR","level_value":40000}
{"@timestamp":"2022-11-13T00:15:37.057-03:00","@version":"1","message":"HHH000478: Unsuccessful: alter table purchase drop constraint FK6yvlyt77rafwvrf9wqw6t78qi","logger_name":"org.hibernate.tool.schema.internal.SchemaDropperImpl$DelayedDropActionImpl","thread_name":"SpringApplicationShutdownHook","level":"ERROR","level_value":40000}
{"@timestamp":"2022-11-13T00:15:37.058-03:00","@version":"1","message":"HHH000478: Unsuccessful: alter table purchase drop constraint FKsfqpk5xjv93po29vn4fmy5exq","logger_name":"org.hibernate.tool.schema.internal.SchemaDropperImpl$DelayedDropActionImpl","thread_name":"SpringApplicationShutdownHook","level":"ERROR","level_value":40000}
{"@timestamp":"2022-11-13T00:15:37.06-03:00","@version":"1","message":"HHH000478: Unsuccessful: alter table purchase_payment_attempts drop constraint FKsfs2htbr4xjvmrpgsxl15swwq","logger_name":"org.hibernate.tool.schema.internal.SchemaDropperImpl$DelayedDropActionImpl","thread_name":"SpringApplicationShutdownHook","level":"ERROR","level_value":40000}
{"@timestamp":"2022-11-13T00:15:37.065-03:00","@version":"1","message":"SQL Warning Code: 0, SQLState: 00000","logger_name":"org.hibernate.engine.jdbc.spi.SqlExceptionHelper","thread_name":"SpringApplicationShutdownHook","level":"WARN","level_value":30000}
{"@timestamp":"2022-11-13T00:15:37.065-03:00","@version":"1","message":"table \"emails\" does not exist, skipping","logger_name":"org.hibernate.engine.jdbc.spi.SqlExceptionHelper","thread_name":"SpringApplicationShutdownHook","level":"WARN","level_value":30000}
{"@timestamp":"2022-11-13T00:15:37.066-03:00","@version":"1","message":"SQL Warning Code: 0, SQLState: 00000","logger_name":"org.hibernate.engine.jdbc.spi.SqlExceptionHelper","thread_name":"SpringApplicationShutdownHook","level":"WARN","level_value":30000}
{"@timestamp":"2022-11-13T00:15:37.066-03:00","@version":"1","message":"table \"product_characteristcs\" does not exist, skipping","logger_name":"org.hibernate.engine.jdbc.spi.SqlExceptionHelper","thread_name":"SpringApplicationShutdownHook","level":"WARN","level_value":30000}
{"@timestamp":"2022-11-13T00:15:37.067-03:00","@version":"1","message":"SQL Warning Code: 0, SQLState: 00000","logger_name":"org.hibernate.engine.jdbc.spi.SqlExceptionHelper","thread_name":"SpringApplicationShutdownHook","level":"WARN","level_value":30000}
{"@timestamp":"2022-11-13T00:15:37.067-03:00","@version":"1","message":"table \"product_photos\" does not exist, skipping","logger_name":"org.hibernate.engine.jdbc.spi.SqlExceptionHelper","thread_name":"SpringApplicationShutdownHook","level":"WARN","level_value":30000}
{"@timestamp":"2022-11-13T00:15:37.069-03:00","@version":"1","message":"SQL Warning Code: 0, SQLState: 00000","logger_name":"org.hibernate.engine.jdbc.spi.SqlExceptionHelper","thread_name":"SpringApplicationShutdownHook","level":"WARN","level_value":30000}
{"@timestamp":"2022-11-13T00:15:37.069-03:00","@version":"1","message":"table \"products\" does not exist, skipping","logger_name":"org.hibernate.engine.jdbc.spi.SqlExceptionHelper","thread_name":"SpringApplicationShutdownHook","level":"WARN","level_value":30000}
{"@timestamp":"2022-11-13T00:15:37.07-03:00","@version":"1","message":"SQL Warning Code: 0, SQLState: 00000","logger_name":"org.hibernate.engine.jdbc.spi.SqlExceptionHelper","thread_name":"SpringApplicationShutdownHook","level":"WARN","level_value":30000}
{"@timestamp":"2022-11-13T00:15:37.07-03:00","@version":"1","message":"table \"products_opinion\" does not exist, skipping","logger_name":"org.hibernate.engine.jdbc.spi.SqlExceptionHelper","thread_name":"SpringApplicationShutdownHook","level":"WARN","level_value":30000}
{"@timestamp":"2022-11-13T00:15:37.071-03:00","@version":"1","message":"SQL Warning Code: 0, SQLState: 00000","logger_name":"org.hibernate.engine.jdbc.spi.SqlExceptionHelper","thread_name":"SpringApplicationShutdownHook","level":"WARN","level_value":30000}
{"@timestamp":"2022-11-13T00:15:37.071-03:00","@version":"1","message":"table \"products_questions\" does not exist, skipping","logger_name":"org.hibernate.engine.jdbc.spi.SqlExceptionHelper","thread_name":"SpringApplicationShutdownHook","level":"WARN","level_value":30000}
{"@timestamp":"2022-11-13T00:15:37.072-03:00","@version":"1","message":"SQL Warning Code: 0, SQLState: 00000","logger_name":"org.hibernate.engine.jdbc.spi.SqlExceptionHelper","thread_name":"SpringApplicationShutdownHook","level":"WARN","level_value":30000}
{"@timestamp":"2022-11-13T00:15:37.072-03:00","@version":"1","message":"table \"purchase\" does not exist, skipping","logger_name":"org.hibernate.engine.jdbc.spi.SqlExceptionHelper","thread_name":"SpringApplicationShutdownHook","level":"WARN","level_value":30000}
{"@timestamp":"2022-11-13T00:15:37.08-03:00","@version":"1","message":"HikariPool-1 - Shutdown initiated...","logger_name":"com.zaxxer.hikari.HikariDataSource","thread_name":"SpringApplicationShutdownHook","level":"INFO","level_value":20000}
{"@timestamp":"2022-11-13T00:15:37.083-03:00","@version":"1","message":"HikariPool-1 - Shutdown completed.","logger_name":"com.zaxxer.hikari.HikariDataSource","thread_name":"SpringApplicationShutdownHook","level":"INFO","level_value":20000}
